mode: set
github.com/vriesdemichael/bitbucket-server-cli/internal/services/branch/service.go:51.72,53.2 1 1
github.com/vriesdemichael/bitbucket-server-cli/internal/services/branch/service.go:55.131,56.52 1 1
github.com/vriesdemichael/bitbucket-server-cli/internal/services/branch/service.go:56.52,58.3 1 0
github.com/vriesdemichael/bitbucket-server-cli/internal/services/branch/service.go:60.2,60.24 1 1
github.com/vriesdemichael/bitbucket-server-cli/internal/services/branch/service.go:60.24,62.3 1 1
github.com/vriesdemichael/bitbucket-server-cli/internal/services/branch/service.go:64.2,68.6 4 1
github.com/vriesdemichael/bitbucket-server-cli/internal/services/branch/service.go:68.6,70.47 2 1
github.com/vriesdemichael/bitbucket-server-cli/internal/services/branch/service.go:70.47,72.18 2 1
github.com/vriesdemichael/bitbucket-server-cli/internal/services/branch/service.go:72.18,74.5 1 0
github.com/vriesdemichael/bitbucket-server-cli/internal/services/branch/service.go:75.4,75.29 1 1
github.com/vriesdemichael/bitbucket-server-cli/internal/services/branch/service.go:77.3,77.50 1 1
github.com/vriesdemichael/bitbucket-server-cli/internal/services/branch/service.go:77.50,80.4 2 1
github.com/vriesdemichael/bitbucket-server-cli/internal/services/branch/service.go:81.3,81.44 1 1
github.com/vriesdemichael/bitbucket-server-cli/internal/services/branch/service.go:81.44,84.4 2 1
github.com/vriesdemichael/bitbucket-server-cli/internal/services/branch/service.go:85.3,85.29 1 1
github.com/vriesdemichael/bitbucket-server-cli/internal/services/branch/service.go:85.29,88.4 2 1
github.com/vriesdemichael/bitbucket-server-cli/internal/services/branch/service.go:90.3,91.17 2 1
github.com/vriesdemichael/bitbucket-server-cli/internal/services/branch/service.go:91.17,93.4 1 1
github.com/vriesdemichael/bitbucket-server-cli/internal/services/branch/service.go:94.3,94.86 1 1
github.com/vriesdemichael/bitbucket-server-cli/internal/services/branch/service.go:94.86,96.4 1 1
github.com/vriesdemichael/bitbucket-server-cli/internal/services/branch/service.go:97.3,97.108 1 1
github.com/vriesdemichael/bitbucket-server-cli/internal/services/branch/service.go:97.108,98.9 1 1
github.com/vriesdemichael/bitbucket-server-cli/internal/services/branch/service.go:101.3,103.117 2 1
github.com/vriesdemichael/bitbucket-server-cli/internal/services/branch/service.go:103.117,104.9 1 1
github.com/vriesdemichael/bitbucket-server-cli/internal/services/branch/service.go:106.3,106.66 1 1
github.com/vriesdemichael/bitbucket-server-cli/internal/services/branch/service.go:106.66,107.9 1 0
github.com/vriesdemichael/bitbucket-server-cli/internal/services/branch/service.go:110.3,110.73 1 1
github.com/vriesdemichael/bitbucket-server-cli/internal/services/branch/service.go:113.2,113.21 1 1
github.com/vriesdemichael/bitbucket-server-cli/internal/services/branch/service.go:116.142,117.52 1 1
github.com/vriesdemichael/bitbucket-server-cli/internal/services/branch/service.go:117.52,119.3 1 0
github.com/vriesdemichael/bitbucket-server-cli/internal/services/branch/service.go:121.2,123.23 3 1
github.com/vriesdemichael/bitbucket-server-cli/internal/services/branch/service.go:123.23,125.3 1 1
github.com/vriesdemichael/bitbucket-server-cli/internal/services/branch/service.go:126.2,126.29 1 1
github.com/vriesdemichael/bitbucket-server-cli/internal/services/branch/service.go:126.29,128.3 1 1
github.com/vriesdemichael/bitbucket-server-cli/internal/services/branch/service.go:130.2,136.16 3 1
github.com/vriesdemichael/bitbucket-server-cli/internal/services/branch/service.go:136.16,138.3 1 1
github.com/vriesdemichael/bitbucket-server-cli/internal/services/branch/service.go:139.2,139.85 1 1
github.com/vriesdemichael/bitbucket-server-cli/internal/services/branch/service.go:139.85,141.3 1 1
github.com/vriesdemichael/bitbucket-server-cli/internal/services/branch/service.go:143.2,143.51 1 1
github.com/vriesdemichael/bitbucket-server-cli/internal/services/branch/service.go:143.51,145.3 1 0
github.com/vriesdemichael/bitbucket-server-cli/internal/services/branch/service.go:146.2,146.57 1 1
github.com/vriesdemichael/bitbucket-server-cli/internal/services/branch/service.go:146.57,148.65 2 1
github.com/vriesdemichael/bitbucket-server-cli/internal/services/branch/service.go:148.65,150.4 1 1
github.com/vriesdemichael/bitbucket-server-cli/internal/services/branch/service.go:153.2,153.43 1 1
github.com/vriesdemichael/bitbucket-server-cli/internal/services/branch/service.go:156.122,157.52 1 1
github.com/vriesdemichael/bitbucket-server-cli/internal/services/branch/service.go:157.52,159.3 1 0
github.com/vriesdemichael/bitbucket-server-cli/internal/services/branch/service.go:161.2,162.23 2 1
github.com/vriesdemichael/bitbucket-server-cli/internal/services/branch/service.go:162.23,164.3 1 1
github.com/vriesdemichael/bitbucket-server-cli/internal/services/branch/service.go:166.2,167.39 2 1
github.com/vriesdemichael/bitbucket-server-cli/internal/services/branch/service.go:167.39,170.3 2 1
github.com/vriesdemichael/bitbucket-server-cli/internal/services/branch/service.go:171.2,174.16 3 1
github.com/vriesdemichael/bitbucket-server-cli/internal/services/branch/service.go:174.16,176.3 1 1
github.com/vriesdemichael/bitbucket-server-cli/internal/services/branch/service.go:178.2,178.69 1 1
github.com/vriesdemichael/bitbucket-server-cli/internal/services/branch/service.go:181.118,182.52 1 1
github.com/vriesdemichael/bitbucket-server-cli/internal/services/branch/service.go:182.52,184.3 1 0
github.com/vriesdemichael/bitbucket-server-cli/internal/services/branch/service.go:186.2,187.16 2 1
github.com/vriesdemichael/bitbucket-server-cli/internal/services/branch/service.go:187.16,189.3 1 1
github.com/vriesdemichael/bitbucket-server-cli/internal/services/branch/service.go:190.2,190.85 1 1
github.com/vriesdemichael/bitbucket-server-cli/internal/services/branch/service.go:190.85,192.3 1 0
github.com/vriesdemichael/bitbucket-server-cli/internal/services/branch/service.go:194.2,194.51 1 1
github.com/vriesdemichael/bitbucket-server-cli/internal/services/branch/service.go:194.51,196.3 1 1
github.com/vriesdemichael/bitbucket-server-cli/internal/services/branch/service.go:198.2,198.47 1 1
github.com/vriesdemichael/bitbucket-server-cli/internal/services/branch/service.go:201.98,202.52 1 1
github.com/vriesdemichael/bitbucket-server-cli/internal/services/branch/service.go:202.52,204.3 1 0
github.com/vriesdemichael/bitbucket-server-cli/internal/services/branch/service.go:206.2,207.15 2 1
github.com/vriesdemichael/bitbucket-server-cli/internal/services/branch/service.go:207.15,209.3 1 1
github.com/vriesdemichael/bitbucket-server-cli/internal/services/branch/service.go:211.2,213.16 3 1
github.com/vriesdemichael/bitbucket-server-cli/internal/services/branch/service.go:213.16,215.3 1 1
github.com/vriesdemichael/bitbucket-server-cli/internal/services/branch/service.go:217.2,217.69 1 1
github.com/vriesdemichael/bitbucket-server-cli/internal/services/branch/service.go:220.150,221.52 1 1
github.com/vriesdemichael/bitbucket-server-cli/internal/services/branch/service.go:221.52,223.3 1 0
github.com/vriesdemichael/bitbucket-server-cli/internal/services/branch/service.go:225.2,226.27 2 1
github.com/vriesdemichael/bitbucket-server-cli/internal/services/branch/service.go:226.27,228.3 1 1
github.com/vriesdemichael/bitbucket-server-cli/internal/services/branch/service.go:230.2,230.16 1 1
github.com/vriesdemichael/bitbucket-server-cli/internal/services/branch/service.go:230.16,232.3 1 1
github.com/vriesdemichael/bitbucket-server-cli/internal/services/branch/service.go:234.2,238.6 4 1
github.com/vriesdemichael/bitbucket-server-cli/internal/services/branch/service.go:238.6,240.17 2 1
github.com/vriesdemichael/bitbucket-server-cli/internal/services/branch/service.go:240.17,242.4 1 1
github.com/vriesdemichael/bitbucket-server-cli/internal/services/branch/service.go:243.3,243.86 1 1
github.com/vriesdemichael/bitbucket-server-cli/internal/services/branch/service.go:243.86,245.4 1 1
github.com/vriesdemichael/bitbucket-server-cli/internal/services/branch/service.go:246.3,246.108 1 1
github.com/vriesdemichael/bitbucket-server-cli/internal/services/branch/service.go:246.108,247.9 1 1
github.com/vriesdemichael/bitbucket-server-cli/internal/services/branch/service.go:250.3,252.117 2 1
github.com/vriesdemichael/bitbucket-server-cli/internal/services/branch/service.go:252.117,253.9 1 1
github.com/vriesdemichael/bitbucket-server-cli/internal/services/branch/service.go:255.3,255.66 1 1
github.com/vriesdemichael/bitbucket-server-cli/internal/services/branch/service.go:255.66,256.9 1 0
github.com/vriesdemichael/bitbucket-server-cli/internal/services/branch/service.go:259.3,259.73 1 1
github.com/vriesdemichael/bitbucket-server-cli/internal/services/branch/service.go:262.2,262.21 1 1
github.com/vriesdemichael/bitbucket-server-cli/internal/services/branch/service.go:265.162,266.52 1 1
github.com/vriesdemichael/bitbucket-server-cli/internal/services/branch/service.go:266.52,268.3 1 0
github.com/vriesdemichael/bitbucket-server-cli/internal/services/branch/service.go:270.2,270.24 1 1
github.com/vriesdemichael/bitbucket-server-cli/internal/services/branch/service.go:270.24,272.3 1 1
github.com/vriesdemichael/bitbucket-server-cli/internal/services/branch/service.go:274.2,278.6 4 1
github.com/vriesdemichael/bitbucket-server-cli/internal/services/branch/service.go:278.6,280.44 2 1
github.com/vriesdemichael/bitbucket-server-cli/internal/services/branch/service.go:280.44,282.18 2 1
github.com/vriesdemichael/bitbucket-server-cli/internal/services/branch/service.go:282.18,284.5 1 0
github.com/vriesdemichael/bitbucket-server-cli/internal/services/branch/service.go:285.4,285.34 1 1
github.com/vriesdemichael/bitbucket-server-cli/internal/services/branch/service.go:287.3,287.51 1 1
github.com/vriesdemichael/bitbucket-server-cli/internal/services/branch/service.go:287.51,289.18 2 1
github.com/vriesdemichael/bitbucket-server-cli/internal/services/branch/service.go:289.18,291.5 1 1
github.com/vriesdemichael/bitbucket-server-cli/internal/services/branch/service.go:292.4,292.37 1 1
github.com/vriesdemichael/bitbucket-server-cli/internal/services/branch/service.go:294.3,294.49 1 1
github.com/vriesdemichael/bitbucket-server-cli/internal/services/branch/service.go:294.49,297.4 2 1
github.com/vriesdemichael/bitbucket-server-cli/internal/services/branch/service.go:299.3,300.17 2 1
github.com/vriesdemichael/bitbucket-server-cli/internal/services/branch/service.go:300.17,302.4 1 1
github.com/vriesdemichael/bitbucket-server-cli/internal/services/branch/service.go:303.3,303.86 1 1
github.com/vriesdemichael/bitbucket-server-cli/internal/services/branch/service.go:303.86,305.4 1 1
github.com/vriesdemichael/bitbucket-server-cli/internal/services/branch/service.go:306.3,306.108 1 1
github.com/vriesdemichael/bitbucket-server-cli/internal/services/branch/service.go:306.108,307.9 1 1
github.com/vriesdemichael/bitbucket-server-cli/internal/services/branch/service.go:310.3,312.117 2 1
github.com/vriesdemichael/bitbucket-server-cli/internal/services/branch/service.go:312.117,313.9 1 1
github.com/vriesdemichael/bitbucket-server-cli/internal/services/branch/service.go:315.3,315.66 1 1
github.com/vriesdemichael/bitbucket-server-cli/internal/services/branch/service.go:315.66,316.9 1 0
github.com/vriesdemichael/bitbucket-server-cli/internal/services/branch/service.go:319.3,319.73 1 1
github.com/vriesdemichael/bitbucket-server-cli/internal/services/branch/service.go:322.2,322.21 1 1
github.com/vriesdemichael/bitbucket-server-cli/internal/services/branch/service.go:325.137,326.52 1 1
github.com/vriesdemichael/bitbucket-server-cli/internal/services/branch/service.go:326.52,328.3 1 0
github.com/vriesdemichael/bitbucket-server-cli/internal/services/branch/service.go:330.2,331.21 2 1
github.com/vriesdemichael/bitbucket-server-cli/internal/services/branch/service.go:331.21,333.3 1 1
github.com/vriesdemichael/bitbucket-server-cli/internal/services/branch/service.go:335.2,336.16 2 1
github.com/vriesdemichael/bitbucket-server-cli/internal/services/branch/service.go:336.16,338.3 1 1
github.com/vriesdemichael/bitbucket-server-cli/internal/services/branch/service.go:339.2,339.85 1 1
github.com/vriesdemichael/bitbucket-server-cli/internal/services/branch/service.go:339.85,341.3 1 1
github.com/vriesdemichael/bitbucket-server-cli/internal/services/branch/service.go:343.2,343.51 1 1
github.com/vriesdemichael/bitbucket-server-cli/internal/services/branch/service.go:343.51,345.3 1 1
github.com/vriesdemichael/bitbucket-server-cli/internal/services/branch/service.go:347.2,347.51 1 1
github.com/vriesdemichael/bitbucket-server-cli/internal/services/branch/service.go:350.159,352.2 1 1
github.com/vriesdemichael/bitbucket-server-cli/internal/services/branch/service.go:354.170,356.2 1 1
github.com/vriesdemichael/bitbucket-server-cli/internal/services/branch/service.go:358.170,359.52 1 1
github.com/vriesdemichael/bitbucket-server-cli/internal/services/branch/service.go:359.52,361.3 1 0
github.com/vriesdemichael/bitbucket-server-cli/internal/services/branch/service.go:363.2,364.27 2 1
github.com/vriesdemichael/bitbucket-server-cli/internal/services/branch/service.go:364.27,367.79 1 1
github.com/vriesdemichael/bitbucket-server-cli/internal/services/branch/service.go:367.79,369.4 1 1
github.com/vriesdemichael/bitbucket-server-cli/internal/services/branch/service.go:372.2,373.23 2 1
github.com/vriesdemichael/bitbucket-server-cli/internal/services/branch/service.go:373.23,375.3 1 0
github.com/vriesdemichael/bitbucket-server-cli/internal/services/branch/service.go:377.2,378.28 2 1
github.com/vriesdemichael/bitbucket-server-cli/internal/services/branch/service.go:378.28,380.3 1 0
github.com/vriesdemichael/bitbucket-server-cli/internal/services/branch/service.go:382.2,383.16 2 1
github.com/vriesdemichael/bitbucket-server-cli/internal/services/branch/service.go:383.16,385.3 1 0
github.com/vriesdemichael/bitbucket-server-cli/internal/services/branch/service.go:387.2,403.58 3 1
github.com/vriesdemichael/bitbucket-server-cli/internal/services/branch/service.go:403.58,405.3 1 1
github.com/vriesdemichael/bitbucket-server-cli/internal/services/branch/service.go:407.2,407.26 1 1
github.com/vriesdemichael/bitbucket-server-cli/internal/services/branch/service.go:407.26,409.36 2 1
github.com/vriesdemichael/bitbucket-server-cli/internal/services/branch/service.go:409.36,410.37 1 1
github.com/vriesdemichael/bitbucket-server-cli/internal/services/branch/service.go:410.37,413.5 2 1
github.com/vriesdemichael/bitbucket-server-cli/internal/services/branch/service.go:415.3,415.21 1 1
github.com/vriesdemichael/bitbucket-server-cli/internal/services/branch/service.go:415.21,417.4 1 1
github.com/vriesdemichael/bitbucket-server-cli/internal/services/branch/service.go:420.2,420.27 1 1
github.com/vriesdemichael/bitbucket-server-cli/internal/services/branch/service.go:420.27,422.22 2 1
github.com/vriesdemichael/bitbucket-server-cli/internal/services/branch/service.go:422.22,424.4 1 1
github.com/vriesdemichael/bitbucket-server-cli/internal/services/branch/service.go:427.2,427.33 1 1
github.com/vriesdemichael/bitbucket-server-cli/internal/services/branch/service.go:427.33,429.42 2 1
github.com/vriesdemichael/bitbucket-server-cli/internal/services/branch/service.go:429.42,443.4 2 1
github.com/vriesdemichael/bitbucket-server-cli/internal/services/branch/service.go:444.3,444.20 1 1
github.com/vriesdemichael/bitbucket-server-cli/internal/services/branch/service.go:444.20,446.4 1 1
github.com/vriesdemichael/bitbucket-server-cli/internal/services/branch/service.go:449.2,453.9 3 1
github.com/vriesdemichael/bitbucket-server-cli/internal/services/branch/service.go:453.9,455.3 1 0
github.com/vriesdemichael/bitbucket-server-cli/internal/services/branch/service.go:457.2,458.16 2 1
github.com/vriesdemichael/bitbucket-server-cli/internal/services/branch/service.go:458.16,460.3 1 0
github.com/vriesdemichael/bitbucket-server-cli/internal/services/branch/service.go:461.2,464.20 3 1
github.com/vriesdemichael/bitbucket-server-cli/internal/services/branch/service.go:464.20,466.3 1 0
github.com/vriesdemichael/bitbucket-server-cli/internal/services/branch/service.go:468.2,468.85 1 1
github.com/vriesdemichael/bitbucket-server-cli/internal/services/branch/service.go:468.85,470.3 1 0
github.com/vriesdemichael/bitbucket-server-cli/internal/services/branch/service.go:474.2,475.63 2 1
github.com/vriesdemichael/bitbucket-server-cli/internal/services/branch/service.go:475.63,477.3 1 0
github.com/vriesdemichael/bitbucket-server-cli/internal/services/branch/service.go:479.2,479.22 1 1
github.com/vriesdemichael/bitbucket-server-cli/internal/services/branch/service.go:479.22,481.3 1 1
github.com/vriesdemichael/bitbucket-server-cli/internal/services/branch/service.go:483.2,483.51 1 0
github.com/vriesdemichael/bitbucket-server-cli/internal/services/branch/service.go:486.101,487.52 1 1
github.com/vriesdemichael/bitbucket-server-cli/internal/services/branch/service.go:487.52,489.3 1 0
github.com/vriesdemichael/bitbucket-server-cli/internal/services/branch/service.go:491.2,492.21 2 1
github.com/vriesdemichael/bitbucket-server-cli/internal/services/branch/service.go:492.21,494.3 1 1
github.com/vriesdemichael/bitbucket-server-cli/internal/services/branch/service.go:496.2,497.16 2 1
github.com/vriesdemichael/bitbucket-server-cli/internal/services/branch/service.go:497.16,499.3 1 1
github.com/vriesdemichael/bitbucket-server-cli/internal/services/branch/service.go:501.2,501.69 1 1
github.com/vriesdemichael/bitbucket-server-cli/internal/services/branch/service.go:504.54,505.84 1 1
github.com/vriesdemichael/bitbucket-server-cli/internal/services/branch/service.go:505.84,507.3 1 1
github.com/vriesdemichael/bitbucket-server-cli/internal/services/branch/service.go:509.2,509.12 1 1
github.com/vriesdemichael/bitbucket-server-cli/internal/services/branch/service.go:512.94,513.51 1 1
github.com/vriesdemichael/bitbucket-server-cli/internal/services/branch/service.go:514.22,515.72 1 1
github.com/vriesdemichael/bitbucket-server-cli/internal/services/branch/service.go:516.22,517.72 1 1
github.com/vriesdemichael/bitbucket-server-cli/internal/services/branch/service.go:518.10,519.107 1 1
github.com/vriesdemichael/bitbucket-server-cli/internal/services/branch/service.go:523.98,524.51 1 1
github.com/vriesdemichael/bitbucket-server-cli/internal/services/branch/service.go:525.19,526.71 1 1
github.com/vriesdemichael/bitbucket-server-cli/internal/services/branch/service.go:527.20,528.72 1 1
github.com/vriesdemichael/bitbucket-server-cli/internal/services/branch/service.go:529.27,530.79 1 1
github.com/vriesdemichael/bitbucket-server-cli/internal/services/branch/service.go:531.27,532.79 1 1
github.com/vriesdemichael/bitbucket-server-cli/internal/services/branch/service.go:533.20,534.72 1 1
github.com/vriesdemichael/bitbucket-server-cli/internal/services/branch/service.go:535.10,536.165 1 1
github.com/vriesdemichael/bitbucket-server-cli/internal/services/branch/service.go:540.112,541.51 1 1
github.com/vriesdemichael/bitbucket-server-cli/internal/services/branch/service.go:542.16,543.75 1 1
github.com/vriesdemichael/bitbucket-server-cli/internal/services/branch/service.go:544.22,545.81 1 1
github.com/vriesdemichael/bitbucket-server-cli/internal/services/branch/service.go:546.24,547.83 1 1
github.com/vriesdemichael/bitbucket-server-cli/internal/services/branch/service.go:548.17,549.76 1 1
github.com/vriesdemichael/bitbucket-server-cli/internal/services/branch/service.go:550.10,551.135 1 1
github.com/vriesdemichael/bitbucket-server-cli/internal/services/branch/service.go:555.121,557.19 2 1
github.com/vriesdemichael/bitbucket-server-cli/internal/services/branch/service.go:557.19,559.3 1 1
github.com/vriesdemichael/bitbucket-server-cli/internal/services/branch/service.go:561.2,561.17 1 1
github.com/vriesdemichael/bitbucket-server-cli/internal/services/branch/service.go:562.61,564.26 2 1
github.com/vriesdemichael/bitbucket-server-cli/internal/services/branch/service.go:565.10,566.135 1 1
github.com/vriesdemichael/bitbucket-server-cli/internal/services/branch/service.go:570.54,572.16 2 1
github.com/vriesdemichael/bitbucket-server-cli/internal/services/branch/service.go:572.16,574.3 1 0
github.com/vriesdemichael/bitbucket-server-cli/internal/services/branch/service.go:575.2,575.17 1 1
github.com/vriesdemichael/bitbucket-server-cli/internal/services/branch/service.go:575.17,577.3 1 1
github.com/vriesdemichael/bitbucket-server-cli/internal/services/branch/service.go:579.2,579.27 1 1
github.com/vriesdemichael/bitbucket-server-cli/internal/services/branch/service.go:582.47,584.31 2 1
github.com/vriesdemichael/bitbucket-server-cli/internal/services/branch/service.go:584.31,585.57 1 1
github.com/vriesdemichael/bitbucket-server-cli/internal/services/branch/service.go:585.57,587.4 1 1
github.com/vriesdemichael/bitbucket-server-cli/internal/services/branch/service.go:590.2,590.16 1 1
github.com/vriesdemichael/bitbucket-server-cli/internal/services/branch/service.go:593.47,595.19 2 1
github.com/vriesdemichael/bitbucket-server-cli/internal/services/branch/service.go:595.19,597.3 1 1
github.com/vriesdemichael/bitbucket-server-cli/internal/services/branch/service.go:598.2,598.47 1 1
github.com/vriesdemichael/bitbucket-server-cli/internal/services/branch/service.go:598.47,600.3 1 1
github.com/vriesdemichael/bitbucket-server-cli/internal/services/branch/service.go:602.2,602.32 1 1
github.com/vriesdemichael/bitbucket-server-cli/internal/services/branch/service.go:605.105,607.23 2 0
github.com/vriesdemichael/bitbucket-server-cli/internal/services/branch/service.go:607.23,609.3 1 0
github.com/vriesdemichael/bitbucket-server-cli/internal/services/branch/service.go:611.2,612.28 2 0
github.com/vriesdemichael/bitbucket-server-cli/internal/services/branch/service.go:612.28,614.3 1 0
github.com/vriesdemichael/bitbucket-server-cli/internal/services/branch/service.go:616.2,617.16 2 0
github.com/vriesdemichael/bitbucket-server-cli/internal/services/branch/service.go:617.16,619.3 1 0
github.com/vriesdemichael/bitbucket-server-cli/internal/services/branch/service.go:621.2,637.58 3 0
github.com/vriesdemichael/bitbucket-server-cli/internal/services/branch/service.go:637.58,639.3 1 0
github.com/vriesdemichael/bitbucket-server-cli/internal/services/branch/service.go:641.2,641.26 1 0
github.com/vriesdemichael/bitbucket-server-cli/internal/services/branch/service.go:641.26,643.36 2 0
github.com/vriesdemichael/bitbucket-server-cli/internal/services/branch/service.go:643.36,644.37 1 0
github.com/vriesdemichael/bitbucket-server-cli/internal/services/branch/service.go:644.37,647.5 2 0
github.com/vriesdemichael/bitbucket-server-cli/internal/services/branch/service.go:649.3,649.21 1 0
github.com/vriesdemichael/bitbucket-server-cli/internal/services/branch/service.go:649.21,651.4 1 0
github.com/vriesdemichael/bitbucket-server-cli/internal/services/branch/service.go:654.2,654.27 1 0
github.com/vriesdemichael/bitbucket-server-cli/internal/services/branch/service.go:654.27,656.22 2 0
github.com/vriesdemichael/bitbucket-server-cli/internal/services/branch/service.go:656.22,658.4 1 0
github.com/vriesdemichael/bitbucket-server-cli/internal/services/branch/service.go:661.2,661.33 1 0
github.com/vriesdemichael/bitbucket-server-cli/internal/services/branch/service.go:661.33,663.42 2 0
github.com/vriesdemichael/bitbucket-server-cli/internal/services/branch/service.go:663.42,677.4 2 0
github.com/vriesdemichael/bitbucket-server-cli/internal/services/branch/service.go:678.3,678.20 1 0
github.com/vriesdemichael/bitbucket-server-cli/internal/services/branch/service.go:678.20,680.4 1 0
github.com/vriesdemichael/bitbucket-server-cli/internal/services/branch/service.go:683.2,683.23 1 0
