mode: set
github.com/vriesdemichael/bitbucket-server-cli/internal/services/commit/service.go:32.72,34.2 1 1
github.com/vriesdemichael/bitbucket-server-cli/internal/services/commit/service.go:36.131,37.52 1 1
github.com/vriesdemichael/bitbucket-server-cli/internal/services/commit/service.go:37.52,39.3 1 0
github.com/vriesdemichael/bitbucket-server-cli/internal/services/commit/service.go:41.2,41.24 1 1
github.com/vriesdemichael/bitbucket-server-cli/internal/services/commit/service.go:41.24,43.3 1 1
github.com/vriesdemichael/bitbucket-server-cli/internal/services/commit/service.go:45.2,49.6 4 1
github.com/vriesdemichael/bitbucket-server-cli/internal/services/commit/service.go:49.6,51.44 2 1
github.com/vriesdemichael/bitbucket-server-cli/internal/services/commit/service.go:51.44,54.4 2 1
github.com/vriesdemichael/bitbucket-server-cli/internal/services/commit/service.go:56.3,57.17 2 1
github.com/vriesdemichael/bitbucket-server-cli/internal/services/commit/service.go:57.17,59.4 1 1
github.com/vriesdemichael/bitbucket-server-cli/internal/services/commit/service.go:60.3,60.86 1 1
github.com/vriesdemichael/bitbucket-server-cli/internal/services/commit/service.go:60.86,62.4 1 1
github.com/vriesdemichael/bitbucket-server-cli/internal/services/commit/service.go:63.3,63.108 1 1
github.com/vriesdemichael/bitbucket-server-cli/internal/services/commit/service.go:63.108,64.9 1 1
github.com/vriesdemichael/bitbucket-server-cli/internal/services/commit/service.go:67.3,69.117 2 1
github.com/vriesdemichael/bitbucket-server-cli/internal/services/commit/service.go:69.117,70.9 1 1
github.com/vriesdemichael/bitbucket-server-cli/internal/services/commit/service.go:72.3,72.66 1 1
github.com/vriesdemichael/bitbucket-server-cli/internal/services/commit/service.go:72.66,73.9 1 0
github.com/vriesdemichael/bitbucket-server-cli/internal/services/commit/service.go:76.3,76.73 1 1
github.com/vriesdemichael/bitbucket-server-cli/internal/services/commit/service.go:79.2,79.21 1 1
github.com/vriesdemichael/bitbucket-server-cli/internal/services/commit/service.go:82.124,83.52 1 1
github.com/vriesdemichael/bitbucket-server-cli/internal/services/commit/service.go:83.52,85.3 1 0
github.com/vriesdemichael/bitbucket-server-cli/internal/services/commit/service.go:87.2,88.21 2 1
github.com/vriesdemichael/bitbucket-server-cli/internal/services/commit/service.go:88.21,90.3 1 1
github.com/vriesdemichael/bitbucket-server-cli/internal/services/commit/service.go:92.2,93.16 2 1
github.com/vriesdemichael/bitbucket-server-cli/internal/services/commit/service.go:93.16,95.3 1 1
github.com/vriesdemichael/bitbucket-server-cli/internal/services/commit/service.go:96.2,96.85 1 1
github.com/vriesdemichael/bitbucket-server-cli/internal/services/commit/service.go:96.85,98.3 1 1
github.com/vriesdemichael/bitbucket-server-cli/internal/services/commit/service.go:100.2,100.51 1 1
github.com/vriesdemichael/bitbucket-server-cli/internal/services/commit/service.go:100.51,102.3 1 1
github.com/vriesdemichael/bitbucket-server-cli/internal/services/commit/service.go:104.2,104.43 1 0
github.com/vriesdemichael/bitbucket-server-cli/internal/services/commit/service.go:107.137,108.52 1 1
github.com/vriesdemichael/bitbucket-server-cli/internal/services/commit/service.go:108.52,110.3 1 0
github.com/vriesdemichael/bitbucket-server-cli/internal/services/commit/service.go:112.2,115.28 3 1
github.com/vriesdemichael/bitbucket-server-cli/internal/services/commit/service.go:115.28,117.3 1 1
github.com/vriesdemichael/bitbucket-server-cli/internal/services/commit/service.go:119.2,119.24 1 1
github.com/vriesdemichael/bitbucket-server-cli/internal/services/commit/service.go:119.24,121.3 1 1
github.com/vriesdemichael/bitbucket-server-cli/internal/services/commit/service.go:123.2,127.6 4 1
github.com/vriesdemichael/bitbucket-server-cli/internal/services/commit/service.go:127.6,136.17 3 1
github.com/vriesdemichael/bitbucket-server-cli/internal/services/commit/service.go:136.17,138.4 1 1
github.com/vriesdemichael/bitbucket-server-cli/internal/services/commit/service.go:139.3,139.86 1 1
github.com/vriesdemichael/bitbucket-server-cli/internal/services/commit/service.go:139.86,141.4 1 0
github.com/vriesdemichael/bitbucket-server-cli/internal/services/commit/service.go:143.3,143.108 1 1
github.com/vriesdemichael/bitbucket-server-cli/internal/services/commit/service.go:143.108,144.9 1 1
github.com/vriesdemichael/bitbucket-server-cli/internal/services/commit/service.go:147.3,150.117 3 1
github.com/vriesdemichael/bitbucket-server-cli/internal/services/commit/service.go:150.117,151.9 1 1
github.com/vriesdemichael/bitbucket-server-cli/internal/services/commit/service.go:153.3,153.66 1 1
github.com/vriesdemichael/bitbucket-server-cli/internal/services/commit/service.go:153.66,154.9 1 0
github.com/vriesdemichael/bitbucket-server-cli/internal/services/commit/service.go:157.3,157.73 1 1
github.com/vriesdemichael/bitbucket-server-cli/internal/services/commit/service.go:160.2,160.21 1 1
github.com/vriesdemichael/bitbucket-server-cli/internal/services/commit/service.go:163.143,164.52 1 1
github.com/vriesdemichael/bitbucket-server-cli/internal/services/commit/service.go:164.52,166.3 1 0
github.com/vriesdemichael/bitbucket-server-cli/internal/services/commit/service.go:168.2,170.24 3 1
github.com/vriesdemichael/bitbucket-server-cli/internal/services/commit/service.go:170.24,172.3 1 1
github.com/vriesdemichael/bitbucket-server-cli/internal/services/commit/service.go:174.2,179.16 5 1
github.com/vriesdemichael/bitbucket-server-cli/internal/services/commit/service.go:179.16,181.3 1 1
github.com/vriesdemichael/bitbucket-server-cli/internal/services/commit/service.go:182.2,182.89 1 1
github.com/vriesdemichael/bitbucket-server-cli/internal/services/commit/service.go:182.89,184.3 1 1
github.com/vriesdemichael/bitbucket-server-cli/internal/services/commit/service.go:185.2,185.111 1 1
github.com/vriesdemichael/bitbucket-server-cli/internal/services/commit/service.go:185.111,186.75 1 1
github.com/vriesdemichael/bitbucket-server-cli/internal/services/commit/service.go:186.75,188.26 2 1
github.com/vriesdemichael/bitbucket-server-cli/internal/services/commit/service.go:188.26,189.51 1 1
github.com/vriesdemichael/bitbucket-server-cli/internal/services/commit/service.go:189.51,192.6 2 1
github.com/vriesdemichael/bitbucket-server-cli/internal/services/commit/service.go:194.4,198.6 1 1
github.com/vriesdemichael/bitbucket-server-cli/internal/services/commit/service.go:202.2,204.16 3 1
github.com/vriesdemichael/bitbucket-server-cli/internal/services/commit/service.go:204.16,206.3 1 0
github.com/vriesdemichael/bitbucket-server-cli/internal/services/commit/service.go:207.2,207.83 1 1
github.com/vriesdemichael/bitbucket-server-cli/internal/services/commit/service.go:207.83,209.3 1 1
github.com/vriesdemichael/bitbucket-server-cli/internal/services/commit/service.go:210.2,210.105 1 1
github.com/vriesdemichael/bitbucket-server-cli/internal/services/commit/service.go:210.105,211.69 1 1
github.com/vriesdemichael/bitbucket-server-cli/internal/services/commit/service.go:211.69,213.23 2 1
github.com/vriesdemichael/bitbucket-server-cli/internal/services/commit/service.go:213.23,216.5 2 1
github.com/vriesdemichael/bitbucket-server-cli/internal/services/commit/service.go:217.4,221.6 1 1
github.com/vriesdemichael/bitbucket-server-cli/internal/services/commit/service.go:225.2,225.18 1 1
github.com/vriesdemichael/bitbucket-server-cli/internal/services/commit/service.go:228.54,229.84 1 1
github.com/vriesdemichael/bitbucket-server-cli/internal/services/commit/service.go:229.84,231.3 1 0
github.com/vriesdemichael/bitbucket-server-cli/internal/services/commit/service.go:232.2,232.12 1 1
