mode: set
github.com/vriesdemichael/bitbucket-server-cli/internal/services/reviewer/service.go:18.72,20.2 1 1
github.com/vriesdemichael/bitbucket-server-cli/internal/services/reviewer/service.go:22.140,23.41 1 1
github.com/vriesdemichael/bitbucket-server-cli/internal/services/reviewer/service.go:23.41,25.3 1 1
github.com/vriesdemichael/bitbucket-server-cli/internal/services/reviewer/service.go:27.2,28.16 2 1
github.com/vriesdemichael/bitbucket-server-cli/internal/services/reviewer/service.go:28.16,30.3 1 0
github.com/vriesdemichael/bitbucket-server-cli/internal/services/reviewer/service.go:31.2,31.85 1 1
github.com/vriesdemichael/bitbucket-server-cli/internal/services/reviewer/service.go:31.85,33.3 1 1
github.com/vriesdemichael/bitbucket-server-cli/internal/services/reviewer/service.go:35.2,35.29 1 1
github.com/vriesdemichael/bitbucket-server-cli/internal/services/reviewer/service.go:35.29,37.3 1 0
github.com/vriesdemichael/bitbucket-server-cli/internal/services/reviewer/service.go:39.2,39.31 1 1
github.com/vriesdemichael/bitbucket-server-cli/internal/services/reviewer/service.go:42.159,43.84 1 1
github.com/vriesdemichael/bitbucket-server-cli/internal/services/reviewer/service.go:43.84,45.3 1 1
github.com/vriesdemichael/bitbucket-server-cli/internal/services/reviewer/service.go:47.2,48.16 2 1
github.com/vriesdemichael/bitbucket-server-cli/internal/services/reviewer/service.go:48.16,50.3 1 0
github.com/vriesdemichael/bitbucket-server-cli/internal/services/reviewer/service.go:51.2,51.85 1 1
github.com/vriesdemichael/bitbucket-server-cli/internal/services/reviewer/service.go:51.85,53.3 1 1
github.com/vriesdemichael/bitbucket-server-cli/internal/services/reviewer/service.go:55.2,55.29 1 1
github.com/vriesdemichael/bitbucket-server-cli/internal/services/reviewer/service.go:55.29,57.3 1 0
github.com/vriesdemichael/bitbucket-server-cli/internal/services/reviewer/service.go:59.2,59.31 1 1
github.com/vriesdemichael/bitbucket-server-cli/internal/services/reviewer/service.go:62.114,63.81 1 1
github.com/vriesdemichael/bitbucket-server-cli/internal/services/reviewer/service.go:63.81,65.3 1 1
github.com/vriesdemichael/bitbucket-server-cli/internal/services/reviewer/service.go:67.2,68.16 2 1
github.com/vriesdemichael/bitbucket-server-cli/internal/services/reviewer/service.go:68.16,70.3 1 0
github.com/vriesdemichael/bitbucket-server-cli/internal/services/reviewer/service.go:71.2,71.69 1 1
github.com/vriesdemichael/bitbucket-server-cli/internal/services/reviewer/service.go:74.133,75.124 1 1
github.com/vriesdemichael/bitbucket-server-cli/internal/services/reviewer/service.go:75.124,77.3 1 1
github.com/vriesdemichael/bitbucket-server-cli/internal/services/reviewer/service.go:79.2,80.16 2 1
github.com/vriesdemichael/bitbucket-server-cli/internal/services/reviewer/service.go:80.16,82.3 1 1
github.com/vriesdemichael/bitbucket-server-cli/internal/services/reviewer/service.go:84.2,85.16 2 1
github.com/vriesdemichael/bitbucket-server-cli/internal/services/reviewer/service.go:85.16,87.3 1 0
github.com/vriesdemichael/bitbucket-server-cli/internal/services/reviewer/service.go:88.2,88.69 1 1
github.com/vriesdemichael/bitbucket-server-cli/internal/services/reviewer/service.go:91.195,92.41 1 1
github.com/vriesdemichael/bitbucket-server-cli/internal/services/reviewer/service.go:92.41,94.3 1 1
github.com/vriesdemichael/bitbucket-server-cli/internal/services/reviewer/service.go:96.2,97.16 2 1
github.com/vriesdemichael/bitbucket-server-cli/internal/services/reviewer/service.go:97.16,99.3 1 0
github.com/vriesdemichael/bitbucket-server-cli/internal/services/reviewer/service.go:100.2,100.85 1 1
github.com/vriesdemichael/bitbucket-server-cli/internal/services/reviewer/service.go:100.85,102.3 1 1
github.com/vriesdemichael/bitbucket-server-cli/internal/services/reviewer/service.go:104.2,104.29 1 1
github.com/vriesdemichael/bitbucket-server-cli/internal/services/reviewer/service.go:104.29,106.3 1 1
github.com/vriesdemichael/bitbucket-server-cli/internal/services/reviewer/service.go:108.2,108.34 1 1
github.com/vriesdemichael/bitbucket-server-cli/internal/services/reviewer/service.go:108.34,110.65 2 1
github.com/vriesdemichael/bitbucket-server-cli/internal/services/reviewer/service.go:110.65,112.4 1 1
github.com/vriesdemichael/bitbucket-server-cli/internal/services/reviewer/service.go:113.3,113.22 1 1
github.com/vriesdemichael/bitbucket-server-cli/internal/services/reviewer/service.go:116.2,116.57 1 0
github.com/vriesdemichael/bitbucket-server-cli/internal/services/reviewer/service.go:119.214,120.84 1 1
github.com/vriesdemichael/bitbucket-server-cli/internal/services/reviewer/service.go:120.84,122.3 1 1
github.com/vriesdemichael/bitbucket-server-cli/internal/services/reviewer/service.go:124.2,125.16 2 1
github.com/vriesdemichael/bitbucket-server-cli/internal/services/reviewer/service.go:125.16,127.3 1 0
github.com/vriesdemichael/bitbucket-server-cli/internal/services/reviewer/service.go:128.2,128.85 1 1
github.com/vriesdemichael/bitbucket-server-cli/internal/services/reviewer/service.go:128.85,130.3 1 1
github.com/vriesdemichael/bitbucket-server-cli/internal/services/reviewer/service.go:132.2,132.29 1 1
github.com/vriesdemichael/bitbucket-server-cli/internal/services/reviewer/service.go:132.29,134.3 1 0
github.com/vriesdemichael/bitbucket-server-cli/internal/services/reviewer/service.go:136.2,136.34 1 1
github.com/vriesdemichael/bitbucket-server-cli/internal/services/reviewer/service.go:136.34,138.65 2 1
github.com/vriesdemichael/bitbucket-server-cli/internal/services/reviewer/service.go:138.65,140.4 1 0
github.com/vriesdemichael/bitbucket-server-cli/internal/services/reviewer/service.go:141.3,141.22 1 1
github.com/vriesdemichael/bitbucket-server-cli/internal/services/reviewer/service.go:144.2,144.57 1 0
github.com/vriesdemichael/bitbucket-server-cli/internal/services/reviewer/service.go:147.229,148.81 1 1
github.com/vriesdemichael/bitbucket-server-cli/internal/services/reviewer/service.go:148.81,150.3 1 1
github.com/vriesdemichael/bitbucket-server-cli/internal/services/reviewer/service.go:152.2,153.16 2 1
github.com/vriesdemichael/bitbucket-server-cli/internal/services/reviewer/service.go:153.16,155.3 1 1
github.com/vriesdemichael/bitbucket-server-cli/internal/services/reviewer/service.go:156.2,156.85 1 1
github.com/vriesdemichael/bitbucket-server-cli/internal/services/reviewer/service.go:156.85,158.3 1 1
github.com/vriesdemichael/bitbucket-server-cli/internal/services/reviewer/service.go:160.2,160.29 1 1
github.com/vriesdemichael/bitbucket-server-cli/internal/services/reviewer/service.go:160.29,162.3 1 1
github.com/vriesdemichael/bitbucket-server-cli/internal/services/reviewer/service.go:164.2,164.57 1 0
github.com/vriesdemichael/bitbucket-server-cli/internal/services/reviewer/service.go:167.249,168.124 1 1
github.com/vriesdemichael/bitbucket-server-cli/internal/services/reviewer/service.go:168.124,170.3 1 1
github.com/vriesdemichael/bitbucket-server-cli/internal/services/reviewer/service.go:172.2,173.16 2 1
github.com/vriesdemichael/bitbucket-server-cli/internal/services/reviewer/service.go:173.16,175.3 1 0
github.com/vriesdemichael/bitbucket-server-cli/internal/services/reviewer/service.go:176.2,176.85 1 1
github.com/vriesdemichael/bitbucket-server-cli/internal/services/reviewer/service.go:176.85,178.3 1 1
github.com/vriesdemichael/bitbucket-server-cli/internal/services/reviewer/service.go:180.2,180.29 1 1
github.com/vriesdemichael/bitbucket-server-cli/internal/services/reviewer/service.go:180.29,182.3 1 1
github.com/vriesdemichael/bitbucket-server-cli/internal/services/reviewer/service.go:184.2,184.57 1 0
